[Mon, 29 Sep 2025 13:46:44]     INFO : ============================   Starting Script Execution.  ============================
[Mon, 29 Sep 2025 13:46:44]     INFO : The required file input_namespace.yaml exists.
[Mon, 29 Sep 2025 13:46:44]     INFO : The required file /root/gitops-onboarding/ocp-cloud-lab/helm/cluster_values.yaml exists.
[Mon, 29 Sep 2025 13:46:44]     INFO : Namespace 'lbg-ocp-engineering-100-lab' exists.
[Mon, 29 Sep 2025 13:46:44]  WARNING : Service '001' not found in namespace 'lbg-ocp-engineering-100-lab'. Moving on !
[Mon, 29 Sep 2025 13:46:44]     INFO : Namespace 'lbg-ocp-engineering-100-lab' exists.
[Mon, 29 Sep 2025 13:46:44]  WARNING : Service '001' not found in namespace 'lbg-ocp-engineering-100-lab'. Moving on !
[Mon, 29 Sep 2025 13:46:45]     INFO : Namespace 'lbg-ocp-bookinfo-200-test' exists.
[Mon, 29 Sep 2025 13:46:45]  WARNING : Service '002' not found in namespace 'lbg-ocp-bookinfo-200-test'. Moving on !
[Mon, 29 Sep 2025 13:46:45]     INFO : Namespace 'lbg-ocp-bookinfo-200-test' exists.
[Mon, 29 Sep 2025 13:46:45]  WARNING : Service '002' not found in namespace 'lbg-ocp-bookinfo-200-test'. Moving on !
[Mon, 29 Sep 2025 13:46:45]     INFO : Namespace 'lbg-ocp-bookinfo-300-prod' exists.
[Mon, 29 Sep 2025 13:46:45]  WARNING : Service '003' not found in namespace 'lbg-ocp-bookinfo-300-prod'. Moving on !
[Mon, 29 Sep 2025 13:46:45]     INFO : Namespace 'lbg-ocp-bookinfo-300-prod' exists.
[Mon, 29 Sep 2025 13:46:45]  WARNING : Service '003' not found in namespace 'lbg-ocp-bookinfo-300-prod'. Moving on !
[Mon, 29 Sep 2025 13:46:45]     INFO : Namespace 'lbg-ocp-injected-gw-400-lab' exists.
[Mon, 29 Sep 2025 13:46:45]  WARNING : Service '004' not found in namespace 'lbg-ocp-injected-gw-400-lab'. Moving on !
[Mon, 29 Sep 2025 13:46:45]     INFO : Namespace 'lbg-ocp-injected-gw-400-lab' exists.
[Mon, 29 Sep 2025 13:46:45]  WARNING : Service '004' not found in namespace 'lbg-ocp-injected-gw-400-lab'. Moving on !
[Mon, 29 Sep 2025 13:46:45]     INFO : Namespace 'lbg-ocp-servicemesh-3-400-lab' exists.
[Mon, 29 Sep 2025 13:46:45]  WARNING : Service '005' not found in namespace 'lbg-ocp-servicemesh-3-400-lab'. Moving on !
[Mon, 29 Sep 2025 13:46:45]     INFO : Namespace 'lbg-ocp-servicemesh-3-400-lab' exists.
[Mon, 29 Sep 2025 13:46:45]  WARNING : Service '005' not found in namespace 'lbg-ocp-servicemesh-3-400-lab'. Moving on !

[Mon, 29 Sep 2025 13:46:45]     INFO : ============================   Script Execution Completed.   ============================
